---------------------------------------------------------------------------------------------
                                       *** REPORT ***
---------------------------------------------------------------------------------------------
ELAPSED TIME                                          : Almost 0 sec
TOTAL NUMBER OF ITERATIONS DONE                       : 8
BEST SOLUTION FOUND AT ITERATION                      : 2 OF VARIANT: 1
TOTAL NUMBER OF BOXES                                 : 119
PACKED NUMBER OF BOXES                                : 31
TOTAL VOLUME OF ALL BOXES                             : 6408876
PALLET VOLUME                                         : 2133120
BEST SOLUTION'S VOLUME UTILIZATION                    : 1591740 OUT OF 2133120
PERCENTAGE OF PALLET VOLUME USED                      : 74.620275 %
PERCENTAGE OF PACKED BOXES (VOLUME)                   : 24.836492 %
WHILE PALLET ORIENTATION                              : X=110; Y=192; Z= 101
---------------------------------------------------------------------------------------------
  NO: PACKSTA DIMEN-1  DMEN-2  DIMEN-3   COOR-X   COOR-Y   COOR-Z   PACKEDX  PACKEDY  PACKEDZ
---------------------------------------------------------------------------------------------
    1    1       55       42       35        0        0        0       55       42       35
    2    1       55       42       35       55        0        0       55       42       35
    3    1       55       42       35        0        0       35       55       42       35
    4    1       55       42       35       55        0       35       55       42       35
   44    1       58       37       30        0        0       70       58       37       30
   77    1       27       28       23       58        0       70       27       28       23
   78    1       27       28       23       85        0       70       23       28       27
   45    1       58       37       30        0       42        0       58       37       30
   46    1       58       37       30       58       42        0       30       37       58
   47    1       58       37       30        0       42       30       58       37       30
   79    1       27       28       23       58       42       58       27       28       23
   80    1       27       28       23       85       42       58       23       28       27
   48    1       58       37       30        0       42       60       58       37       30
   49    1       58       37       30        0       79        0       58       37       30
   50    1       58       37       30       58       79        0       30       37       58
   51    1       58       37       30        0       79       30       58       37       30
   81    1       27       28       23       58       79       58       27       28       23
   82    1       27       28       23       85       79       58       23       28       27
   52    1       58       37       30        0       79       60       58       37       30
   53    1       58       37       30        0      116        0       58       37       30
   54    1       58       37       30       58      116        0       30       37       58
   55    1       58       37       30        0      116       30       58       37       30
   83    1       27       28       23       58      116       58       27       28       23
   84    1       27       28       23       85      116       58       23       28       27
   56    1       58       37       30        0      116       60       58       37       30
   57    1       58       37       30        0      153        0       58       37       30
   58    1       58       37       30       58      153        0       30       37       58
   59    1       58       37       30        0      153       30       58       37       30
   85    1       27       28       23       58      153       58       27       28       23
   86    1       27       28       23       85      153       58       23       28       27
   60    1       58       37       30        0      153       60       58       37       30
---------------------------------------------------------------------------------------------
                                       *** REPORT ***
---------------------------------------------------------------------------------------------
ELAPSED TIME                                          : Almost 0 sec
TOTAL NUMBER OF ITERATIONS DONE                       : 8
BEST SOLUTION FOUND AT ITERATION                      : 4 OF VARIANT: 1
TOTAL NUMBER OF BOXES                                 : 88
PACKED NUMBER OF BOXES                                : 39
TOTAL VOLUME OF ALL BOXES                             : 4817136
PALLET VOLUME                                         : 2133120
BEST SOLUTION'S VOLUME UTILIZATION                    : 1802964 OUT OF 2133120
PERCENTAGE OF PALLET VOLUME USED                      : 84.522390 %
PERCENTAGE OF PACKED BOXES (VOLUME)                   : 37.428132 %
WHILE PALLET ORIENTATION                              : X=110; Y=192; Z= 101
---------------------------------------------------------------------------------------------
  NO: PACKSTA DIMEN-1  DMEN-2  DIMEN-3   COOR-X   COOR-Y   COOR-Z   PACKEDX  PACKEDY  PACKEDZ
---------------------------------------------------------------------------------------------
   68    1       30       27       25        0        0        0       30       27       25
   69    1       30       27       25       30        0        0       30       27       25
   70    1       30       27       25       60        0        0       30       27       25
   71    1       30       27       25        0        0       25       30       27       25
   72    1       30       27       25       30        0       25       30       27       25
   73    1       30       27       25       60        0       25       30       27       25
   74    1       30       27       25        0        0       50       30       27       25
   75    1       30       27       25       30        0       50       30       27       25
   76    1       30       27       25       60        0       50       30       27       25
   77    1       30       27       25        0        0       75       30       27       25
   78    1       30       27       25       30        0       75       30       27       25
   79    1       30       27       25       60        0       75       30       27       25
    1    1       55       42       35        0       27        0       55       42       35
    2    1       55       42       35       55       27        0       55       42       35
    3    1       55       42       35        0       27       35       55       42       35
    4    1       55       42       35       55       27       35       55       42       35
   40    1       58       37       30        0       27       70       58       37       30
   56    1       27       28       23       58       27       70       27       28       23
   57    1       27       28       23       85       27       70       23       28       27
    5    1       55       42       35        0       69        0       55       42       35
    6    1       55       42       35       55       69        0       55       42       35
    7    1       55       42       35        0       69       35       55       42       35
    8    1       55       42       35       55       69       35       55       42       35
   41    1       58       37       30        0       69       70       58       37       30
   58    1       27       28       23       58       69       70       27       28       23
   59    1       27       28       23       85       69       70       23       28       27
    9    1       55       42       35        0      111        0       55       42       35
   10    1       55       42       35       55      111        0       55       42       35
   11    1       55       42       35        0      111       35       55       42       35
   12    1       55       42       35       55      111       35       55       42       35
   42    1       58       37       30        0      111       70       58       37       30
   60    1       27       28       23       58      111       70       27       28       23
   61    1       27       28       23       85      111       70       23       28       27
   43    1       58       37       30        0      153        0       58       37       30
   44    1       58       37       30       58      153        0       30       37       58
   45    1       58       37       30        0      153       30       58       37       30
   62    1       27       28       23       58      153       58       27       28       23
   63    1       27       28       23       85      153       58       23       28       27
   46    1       58       37       30        0      153       60       58       37       30
---------------------------------------------------------------------------------------------
                                       *** REPORT ***
---------------------------------------------------------------------------------------------
ELAPSED TIME                                          : Almost 0 sec
TOTAL NUMBER OF ITERATIONS DONE                       : 8
BEST SOLUTION FOUND AT ITERATION                      : 3 OF VARIANT: 2
TOTAL NUMBER OF BOXES                                 : 49
PACKED NUMBER OF BOXES                                : 32
TOTAL VOLUME OF ALL BOXES                             : 3014172
PALLET VOLUME                                         : 2133120
BEST SOLUTION'S VOLUME UTILIZATION                    : 1722072 OUT OF 2133120
PERCENTAGE OF PALLET VOLUME USED                      : 80.730198 %
PERCENTAGE OF PACKED BOXES (VOLUME)                   : 57.132506 %
WHILE PALLET ORIENTATION                              : X=101; Y=192; Z= 110
---------------------------------------------------------------------------------------------
  NO: PACKSTA DIMEN-1  DMEN-2  DIMEN-3   COOR-X   COOR-Y   COOR-Z   PACKEDX  PACKEDY  PACKEDZ
---------------------------------------------------------------------------------------------
   37    1       27       28       23        0        0        0       23       28       27
   38    1       27       28       23        0        0       27       23       28       27
   39    1       27       28       23        0        0       54       23       28       27
   40    1       27       28       23       23        0        0       23       28       27
   41    1       30       27       25       23        0       27       25       27       30
   42    1       30       27       25       23        0       57       25       27       30
   43    1       30       27       25       46        0        2       30       27       25
   44    1       30       27       25       48        0       27       25       27       30
   45    1       30       27       25       48        0       57       25       27       30
   46    1       30       27       25       73        0       27       25       27       30
   47    1       30       27       25       73        0       57       25       27       30
   48    1       30       27       25       76        0        2       30       27       25
    1    1       55       42       35        0       28        0       35       42       55
    2    1       55       42       35        0       28       55       55       42       35
    3    1       55       42       35       35       28        0       35       42       55
    4    1       55       42       35       55       28       55       55       42       35
    5    1       55       42       35       70       28        0       35       42       55
    6    1       55       42       35        0       70        0       35       42       55
    7    1       55       42       35        0       70       55       55       42       35
    8    1       55       42       35       35       70        0       35       42       55
    9    1       55       42       35       55       70       55       55       42       35
   10    1       55       42       35       70       70        0       35       42       55
   11    1       55       42       35        0      112        0       35       42       55
   12    1       55       42       35        0      112       55       55       42       35
   13    1       55       42       35       35      112        0       35       42       55
   14    1       55       42       35       55      112       55       55       42       35
   15    1       55       42       35       70      112        0       35       42       55
   28    1       58       37       30        0      154        0       30       37       58
   29    1       58       37       30        0      154       58       58       37       30
   30    1       58       37       30       30      154        0       30       37       58
   49    1       30       27       25       58      154       58       25       27       30
   31    1       58       37       30       60      154        0       30       37       58
---------------------------------------------------------------------------------------------
                                       *** REPORT ***
---------------------------------------------------------------------------------------------
ELAPSED TIME                                          : Almost 0 sec
TOTAL NUMBER OF ITERATIONS DONE                       : 1
BEST SOLUTION FOUND AT ITERATION                      : 1 OF VARIANT: 1
TOTAL NUMBER OF BOXES                                 : 17
PACKED NUMBER OF BOXES                                : 17
TOTAL VOLUME OF ALL BOXES                             : 1292100
PALLET VOLUME                                         : 2133120
BEST SOLUTION'S VOLUME UTILIZATION                    : 1292100 OUT OF 2133120
PERCENTAGE OF PALLET VOLUME USED                      : 60.573245 %
PERCENTAGE OF PACKED BOXES (VOLUME)                   : 100.000000 %
WHILE PALLET ORIENTATION                              : X=110; Y=192; Z= 101
---------------------------------------------------------------------------------------------
  NO: PACKSTA DIMEN-1  DMEN-2  DIMEN-3   COOR-X   COOR-Y   COOR-Z   PACKEDX  PACKEDY  PACKEDZ
---------------------------------------------------------------------------------------------
    1    1       55       42       35        0        0        0       55       42       35
    2    1       55       42       35       55        0        0       55       42       35
    3    1       55       42       35        0        0       35       55       42       35
    4    1       55       42       35       55        0       35       55       42       35
   13    1       58       37       30        0        0       70       58       37       30
    5    1       55       42       35        0       42        0       55       42       35
    6    1       55       42       35       55       42        0       55       42       35
    7    1       55       42       35        0       42       35       55       42       35
    8    1       55       42       35       55       42       35       55       42       35
   14    1       58       37       30        0       42       70       58       37       30
    9    1       55       42       35        0       84        0       55       42       35
   10    1       55       42       35       55       84        0       55       42       35
   11    1       55       42       35        0       84       35       55       42       35
   12    1       55       42       35       55       84       35       55       42       35
   15    1       58       37       30        0       84       70       58       37       30
   16    1       58       37       30        0      126        0       58       37       30
   17    1       58       37       30       58      126        0       30       37       58
